version: (200506)

available memory: 64M bytes
used memory: 81920 bytes [need 80K bytes if disable swap]

used block: 3 [memory(3) file(0)]
                 [ 8K(2) 64K(1) { total 80K bytes } ]
overhead: (9538) bytes for (3) blocks [Average: (3179) bytes/block]

write  => 0(times) 0K(bytes) [0K bytes to file]
read   => 1(times) 6K(bytes) [1K bytes compressed data from file]
access => 26358(times) 208M(bytes)
          [hit ratio: 99.9962%]

time: write(0) read(0)  unit: second

swap file directory: (/home/shtp/ITP2025/Labs/FPV/FPV/run/verdiLog)
used swap file number: (1)



swap file manager:
arrSize: (256)
idxCnt: (4)
closeHead: (1)
closeTail: (2)
openCnt: (1)
fid(3): fd(0) fileName(NULL)
	mode(rb)	hot(1) cool(0) pos(0)
fid(2): fd(50) fileName(/home/shtp/ITP2025/Labs/FPV/FPV/run/verdiLog/_swap_0001#168459010#10186)
	size(0) lastModTime(0) curModTime(1745222734)
	mode(w+b)	hot(0) cool(1) pos(0)
fid(1): fd(0) fileName(NULL)
	mode(rb)	hot(2) cool(3) pos(0)
fid(0): fd(0) fileName(NULL)
	mode(NULL)	hot(0) cool(0) pos(0)
Swap system is reset at (Mon Apr 21 15:07:56 2025
)
version: (200506)

available memory: 64M bytes
used memory: 155648 bytes [need 80K bytes if disable swap]

used block: 5 [memory(5) file(0)]
                 [ 8K(3) 64K(2) { total 152K bytes } ]
overhead: (9538) bytes for (5) blocks [Average: (1907) bytes/block]

write  => 0(times) 0K(bytes) [0K bytes to file]
read   => 2(times) 12K(bytes) [2K bytes compressed data from file]
access => 57127(times) 451M(bytes)
          [hit ratio: 99.9965%]

time: write(0) read(0)  unit: second

swap file directory: (/home/shtp/ITP2025/Labs/FPV/FPV/run/verdiLog)
used swap file number: (4)



swap file manager:
arrSize: (256)
idxCnt: (7)
closeHead: (4)
closeTail: (5)
openCnt: (1)
fid(6): fd(0) fileName(NULL)
	mode(rb)	hot(4) cool(0) pos(0)
fid(5): fd(57) fileName(/home/shtp/ITP2025/Labs/FPV/FPV/run/verdiLog/_swap_0001#168459010#10186)
	size(0) lastModTime(0) curModTime(1745222881)
	mode(w+b)	hot(0) cool(4) pos(0)
fid(4): fd(0) fileName(NULL)
	mode(rb)	hot(5) cool(6) pos(0)
fid(3): fd(0) fileName(NULL)
	mode(NULL)	hot(0) cool(0) pos(0)
fid(2): fd(0) fileName(NULL)
	mode(NULL)	hot(0) cool(0) pos(0)
fid(1): fd(0) fileName(NULL)
	mode(NULL)	hot(0) cool(0) pos(0)
fid(0): fd(0) fileName(NULL)
	mode(NULL)	hot(0) cool(0) pos(0)
Swap system is reset at (Mon Apr 21 15:15:41 2025
)
version: (200506)

available memory: 64M bytes
used memory: 229376 bytes [need 80K bytes if disable swap]

used block: 7 [memory(7) file(0)]
                 [ 8K(4) 64K(3) { total 224K bytes } ]
overhead: (9538) bytes for (7) blocks [Average: (1362) bytes/block]

write  => 0(times) 0K(bytes) [0K bytes to file]
read   => 3(times) 18K(bytes) [4K bytes compressed data from file]
access => 78266(times) 618M(bytes)
          [hit ratio: 99.9962%]

time: write(0) read(0)  unit: second

swap file directory: (/home/shtp/ITP2025/Labs/FPV/FPV/run/verdiLog)
used swap file number: (7)



swap file manager:
arrSize: (256)
idxCnt: (10)
closeHead: (7)
closeTail: (8)
openCnt: (2)
fid(9): fd(0) fileName(/home/shtp/ITP2025/Labs/FPV/FPV/run/vcst_rtdb/.internal/design/simv.daidir/kdb.elab++/work.lib++/bind_traffic.sva.tdc)
	size(395) lastModTime(1745223346) curModTime(1745223346)
	mode(rb)	hot(0) cool(0) pos(0)
fid(8): fd(42) fileName(/home/shtp/ITP2025/Labs/FPV/FPV/run/verdiLog/_swap_0001#168459010#10186)
	size(0) lastModTime(0) curModTime(1745223346)
	mode(w+b)	hot(0) cool(7) pos(0)
fid(7): fd(1073741824) fileName(/home/shtp/ITP2025/Labs/FPV/FPV/run/vcst_rtdb/.internal/design/simv.daidir/kdb.elab++/work.lib++/traffic.v.tdc)
	size(2259) lastModTime(1745223346) curModTime(1745223346)
	mode(rb)	hot(8) cool(0) pos(0)
fid(6): fd(0) fileName(NULL)
	mode(NULL)	hot(0) cool(0) pos(0)
fid(5): fd(0) fileName(NULL)
	mode(NULL)	hot(0) cool(0) pos(0)
fid(4): fd(0) fileName(NULL)
	mode(NULL)	hot(0) cool(0) pos(0)
fid(3): fd(0) fileName(NULL)
	mode(NULL)	hot(0) cool(0) pos(0)
fid(2): fd(0) fileName(NULL)
	mode(NULL)	hot(0) cool(0) pos(0)
fid(1): fd(0) fileName(NULL)
	mode(NULL)	hot(0) cool(0) pos(0)
fid(0): fd(0) fileName(NULL)
	mode(NULL)	hot(0) cool(0) pos(0)
==================================================
mySelf(18453800) pre(197c46f0) next(0)
version(200506)
date(Sep 13 2022 02:45:24)
