15:07:59 : gui:shtp23:42374
15:07:59 : ___vcstRenameMan
15:08:00 : MasterSourceFile run.tcl
15:08:01 : action aaMonetBanffSavePropDBToStream -reset -summary 1 -trigger
15:08:02 : ___vcDisplayAbstractSrcFromAutoBBox
15:08:02 : get_blackbox -designs -verdi
15:08:02 : get_glassbox -verdi
15:08:02 : get_snips -verdi
15:08:02 : action aaVerdiWaitAnnotation -trigger
15:08:02 : action aaMonetSetReuseWave -data {}
15:08:02 : action aaMonetBanffSavePropDBToStream -reset -summary 1 -trigger
15:08:02 : report_constant -xml > /home/shtp/ITP2025/Labs/FPV/FPV/run/vcst_rtdb/.internal/verdi/constant.xml ; verdi_cmd verdiVcstConstantReport -xmlFile /home/shtp/ITP2025/Labs/FPV/FPV/run/vcst_rtdb/.internal/verdi/constant.xml
15:08:42 : report_fv_complexity -verdi
15:08:42 : report_constant -xml > /home/shtp/ITP2025/Labs/FPV/FPV/run/vcst_rtdb/.internal/verdi/constant.xml
15:08:42 : verdi_cmd verdiVcstConstantGet -xmlFile /home/shtp/ITP2025/Labs/FPV/FPV/run/vcst_rtdb/.internal/verdi/constant.xml -updateComplexity
15:09:09 : ___vcstCommandLog "action aaMonetReportAssertionDensity -trigger"
15:09:09 : ___vcShowPropertyDensity -structural /home/shtp/ITP2025/Labs/FPV/FPV/run/vcst_rtdb/.internal/verdi/PropertyDensity.xml design exclusion {}
15:10:11 : report_fv_complexity -verdi
15:10:11 : report_constant -xml > /home/shtp/ITP2025/Labs/FPV/FPV/run/vcst_rtdb/.internal/verdi/constant.xml
15:10:11 : verdi_cmd verdiVcstConstantGet -xmlFile /home/shtp/ITP2025/Labs/FPV/FPV/run/vcst_rtdb/.internal/verdi/constant.xml -updateComplexity
15:15:23 : check_fv
15:15:23 : ___fvReportGridUsage /home/shtp/ITP2025/Labs/FPV/FPV/run/vcst_rtdb/.internal/verdi/gridUsage.xml0
15:15:29 : check_fv
15:15:30 : ___fvReportGridUsage /home/shtp/ITP2025/Labs/FPV/FPV/run/vcst_rtdb/.internal/verdi/gridUsage.xml1
15:15:41 : terminate
