Command: /evprj153/projects/DuyQuang_DV1/Labs/ces_uvm-1.2_2019.06/labs/lab1/./simv +ntb_random_seed=1 -l simv.log +UVM_TESTNAME=test_base +UVM_VERBOSITY=UVM_MEDIUM + + +UVM_TR_RECORD +UVM_LOG_RECORD
Chronologic VCS simulator copyright 1991-2024
Contains Synopsys proprietary information.
Compiler version W-2024.09-SP1-1; Runtime version W-2024.09-SP1-1;  May 20 16:15 2025
UVM_INFO /global/apps/vcs/2024.09-SP1-1/etc/uvm-1.2/base/uvm_root.svh(402) @ 0: reporter [UVM/RELNOTES] 
----------------------------------------------------------------
UVM-1.2.Synopsys
(C) 2007-2014 Mentor Graphics Corporation
(C) 2007-2014 Cadence Design Systems, Inc.
(C) 2006-2014 Synopsys, Inc.
(C) 2011-2013 Cypress Semiconductor Corp.
(C) 2013-2014 NVIDIA Corporation
----------------------------------------------------------------

  ***********       IMPORTANT RELEASE NOTES         ************

  You are using a version of the UVM library that has been compiled
  with `UVM_OBJECT_DO_NOT_NEED_CONSTRUCTOR undefined.
  See http://www.eda.org/svdb/view.php?id=3770 for more details.

      (Specify +UVM_NO_RELNOTES to turn off this notice)

VCD+ Writer W-2024.09-SP1-1 Copyright (c) 1991-2024 by Synopsys Inc.
*Verdi* Enable Verdi Message Catcher.
UVM_INFO /global/apps/vcs/2024.09-SP1-1/etc/uvm-1.2/verdi/uvm_custom_install_verdi_recorder.sv(294) @ 0: reporter [VERDI_TR_AUTO] +UVM_TR_RECORD implicitly enables recording_details to UVM_FULL for all components. For explicit control use +UVM_DISABLE_AUTO_COMPONENT and set recording_detail on components accordingly
*Verdi* Loading libsscore_vcs202409.so
FSDB Dumper for VCS, Release Verdi_W-2024.09-SP1-1, Linux, 01/11/2025
(C) 1996 - 2025 by Synopsys, Inc.
*Verdi* : Create FSDB file 'novas.fsdb'
UVM_INFO @ 0.0ns: reporter [RNTST] Running test test_base...
UVM_INFO /global/apps/vcs/2024.09-SP1-1/etc/uvm-1.2/base/uvm_root.svh(589) @ 0.0ns: reporter [UVMTOP] UVM testbench topology:
------------------------------------------------------------------
Name                        Type                    Size  Value   
------------------------------------------------------------------
uvm_test_top                test_base               -     @346    
  env                       router_env              -     @358    
    i_agt                   input_agent             -     @366    
      drv                   driver                  -     @498    
        rsp_port            uvm_analysis_port       -     @515    
          recording_detail  uvm_verbosity           32    UVM_FULL
        seq_item_port       uvm_seq_item_pull_port  -     @506    
          recording_detail  uvm_verbosity           32    UVM_FULL
        recording_detail    uvm_verbosity           32    UVM_FULL
      sqr                   uvm_sequencer           -     @375    
        rsp_export          uvm_analysis_export     -     @383    
          recording_detail  uvm_verbosity           32    UVM_FULL
        seq_item_export     uvm_seq_item_pull_imp   -     @489    
          recording_detail  uvm_verbosity           32    UVM_FULL
        recording_detail    uvm_verbosity           32    UVM_FULL
        arbitration_queue   array                   0     -       
        lock_queue          array                   0     -       
        num_last_reqs       integral                32    'd1     
        num_last_rsps       integral                32    'd1     
      recording_detail      uvm_verbosity           32    UVM_FULL
    recording_detail        uvm_verbosity           32    UVM_FULL
  recording_detail          uvm_verbosity           32    UVM_FULL
------------------------------------------------------------------

UVM_INFO /global/apps/vcs/2024.09-SP1-1/etc/uvm-1.2/base/uvm_factory.svh(1645) @ 0.0ns: reporter [UVM/FACTORY/PRINT] 
#### Factory Configuration (*)

  No instance or type overrides are registered with this factory

All types registered with the factory: 62 total
  Type Name
  ---------
  driver
  input_agent
  packet
  router_env
  snps_uvm_reg_bank_group
  snps_uvm_reg_map
  test_base
(*) Types with no associated type name will be printed as <unknown>

####


UVM_INFO /global/apps/vcs/2024.09-SP1-1/etc/uvm-1.2/base/uvm_report_catcher.svh(705) @ 0.0ns: reporter [UVM/REPORT/CATCHER] 
--- UVM Report catcher Summary ---


Number of demoted UVM_FATAL reports  :    0
Number of demoted UVM_ERROR reports  :    0
Number of demoted UVM_WARNING reports:    0
Number of caught UVM_FATAL reports   :    0
Number of caught UVM_ERROR reports   :    0
Number of caught UVM_WARNING reports :    0

UVM_INFO /global/apps/vcs/2024.09-SP1-1/etc/uvm-1.2/base/uvm_report_server.svh(904) @ 0.0ns: reporter [UVM/REPORT/SERVER] 
--- UVM Report Summary ---

** Report counts by severity
UVM_INFO :    6
UVM_WARNING :    0
UVM_ERROR :    0
UVM_FATAL :    0
** Report counts by id
[RNTST]     1
[UVM/FACTORY/PRINT]     1
[UVM/RELNOTES]     1
[UVM/REPORT/CATCHER]     1
[UVMTOP]     1
[VERDI_TR_AUTO]     1

$finish called from file "/global/apps/vcs/2024.09-SP1-1/etc/uvm-1.2/base/uvm_root.svh", line 527.
$finish at simulation time      0.0ns
           V C S   S i m u l a t i o n   R e p o r t 
Time: 000 ps
CPU Time:      0.490 seconds;       Data structure size:   0.4Mb
Tue May 20 16:15:43 2025