Command: /evprj153/projects/DuyQuang_DV1/Labs/ces_svrtl_2019.03/labs/lab1/./simv_gate -l simv_gate.log +vpdfile+unintentional_latch_gate.vpd +ntb_random_seed=1 +
Chronologic VCS simulator copyright 1991-2024
Contains Synopsys proprietary information.
Compiler version W-2024.09-SP1-1; Runtime version W-2024.09-SP1-1;  Jun  1 03:11 2025
Message: From $vcdpluson at time 0: [VCD+-SVFN]: 
Setting VPD File by "+vpdfile+" switch to unintentional_latch_gate.vpd.

VCD+ Writer W-2024.09-SP1-1 Copyright (c) 1991-2024 by Synopsys Inc.
1x0
100
101
111
011
001
101
111
110
100
000
100
101
111
011
001
101
111
110
100
000
100
$finish called from file "./test/unintentional_latch_test_top.sv", line 56.
$finish at simulation time    550.0ns
           V C S   S i m u l a t i o n   R e p o r t 
Time: 550000 ps
CPU Time:      0.340 seconds;       Data structure size:   0.0Mb
Sun Jun  1 03:11:52 2025