Thread 6 (Thread 0x2aaac3e4d700 (LWP 11228)):
#0  0x00002aaaaacdaa35 in pthread_cond_wait@@GLIBC_2.3.2 () from /lib64/libpthread.so.0
#1  0x00000000042f17da in snps_boost_1_72_0::asio::detail::scheduler::run(snps_boost_1_72_0::system::error_code&) ()
#2  0x00000000042dea72 in Monet::ClientMgr::pStartPoolThread(snps_boost_1_72_0::shared_ptr<snps_boost_1_72_0::asio::io_context>) ()
#3  0x00000000042ea9bb in snps_boost_1_72_0::detail::thread_data<snps_boost_1_72_0::_bi::bind_t<void, snps_boost_1_72_0::_mfi::mf1<void, Monet::ClientMgr, snps_boost_1_72_0::shared_ptr<snps_boost_1_72_0::asio::io_context> >, snps_boost_1_72_0::_bi::list2<snps_boost_1_72_0::_bi::value<Monet::ClientMgr*>, snps_boost_1_72_0::_bi::value<snps_boost_1_72_0::shared_ptr<snps_boost_1_72_0::asio::io_context> > > > >::run() ()
#4  0x000000000904107c in thread_proxy ()
#5  0x00000000097c12b6 in sdp_wrap_start_routine ()
#6  0x00002aaaaacd6ea5 in start_thread () from /lib64/libpthread.so.0
#7  0x00002aaabbe43b0d in clone () from /lib64/libc.so.6
Thread 5 (Thread 0x2aaaca24e700 (LWP 11229)):
#0  0x00002aaaaacdaa35 in pthread_cond_wait@@GLIBC_2.3.2 () from /lib64/libpthread.so.0
#1  0x00000000042f17da in snps_boost_1_72_0::asio::detail::scheduler::run(snps_boost_1_72_0::system::error_code&) ()
#2  0x00000000042dea72 in Monet::ClientMgr::pStartPoolThread(snps_boost_1_72_0::shared_ptr<snps_boost_1_72_0::asio::io_context>) ()
#3  0x00000000042ea9bb in snps_boost_1_72_0::detail::thread_data<snps_boost_1_72_0::_bi::bind_t<void, snps_boost_1_72_0::_mfi::mf1<void, Monet::ClientMgr, snps_boost_1_72_0::shared_ptr<snps_boost_1_72_0::asio::io_context> >, snps_boost_1_72_0::_bi::list2<snps_boost_1_72_0::_bi::value<Monet::ClientMgr*>, snps_boost_1_72_0::_bi::value<snps_boost_1_72_0::shared_ptr<snps_boost_1_72_0::asio::io_context> > > > >::run() ()
#4  0x000000000904107c in thread_proxy ()
#5  0x00000000097c12b6 in sdp_wrap_start_routine ()
#6  0x00002aaaaacd6ea5 in start_thread () from /lib64/libpthread.so.0
#7  0x00002aaabbe43b0d in clone () from /lib64/libc.so.6
Thread 4 (Thread 0x2aaad064f700 (LWP 11230)):
#0  0x00002aaaaacdaa35 in pthread_cond_wait@@GLIBC_2.3.2 () from /lib64/libpthread.so.0
#1  0x00000000042f17da in snps_boost_1_72_0::asio::detail::scheduler::run(snps_boost_1_72_0::system::error_code&) ()
#2  0x00000000042dea72 in Monet::ClientMgr::pStartPoolThread(snps_boost_1_72_0::shared_ptr<snps_boost_1_72_0::asio::io_context>) ()
#3  0x00000000042ea9bb in snps_boost_1_72_0::detail::thread_data<snps_boost_1_72_0::_bi::bind_t<void, snps_boost_1_72_0::_mfi::mf1<void, Monet::ClientMgr, snps_boost_1_72_0::shared_ptr<snps_boost_1_72_0::asio::io_context> >, snps_boost_1_72_0::_bi::list2<snps_boost_1_72_0::_bi::value<Monet::ClientMgr*>, snps_boost_1_72_0::_bi::value<snps_boost_1_72_0::shared_ptr<snps_boost_1_72_0::asio::io_context> > > > >::run() ()
#4  0x000000000904107c in thread_proxy ()
#5  0x00000000097c12b6 in sdp_wrap_start_routine ()
#6  0x00002aaaaacd6ea5 in start_thread () from /lib64/libpthread.so.0
#7  0x00002aaabbe43b0d in clone () from /lib64/libc.so.6
Thread 3 (Thread 0x2aaad6a50700 (LWP 11231)):
#0  0x00002aaabbe440e3 in epoll_wait () from /lib64/libc.so.6
#1  0x00000000042eadb5 in snps_boost_1_72_0::asio::detail::epoll_reactor::run(long, snps_boost_1_72_0::asio::detail::op_queue<snps_boost_1_72_0::asio::detail::scheduler_operation>&) ()
#2  0x00000000042f14d7 in snps_boost_1_72_0::asio::detail::scheduler::run(snps_boost_1_72_0::system::error_code&) ()
#3  0x00000000042dea72 in Monet::ClientMgr::pStartPoolThread(snps_boost_1_72_0::shared_ptr<snps_boost_1_72_0::asio::io_context>) ()
#4  0x00000000042ea9bb in snps_boost_1_72_0::detail::thread_data<snps_boost_1_72_0::_bi::bind_t<void, snps_boost_1_72_0::_mfi::mf1<void, Monet::ClientMgr, snps_boost_1_72_0::shared_ptr<snps_boost_1_72_0::asio::io_context> >, snps_boost_1_72_0::_bi::list2<snps_boost_1_72_0::_bi::value<Monet::ClientMgr*>, snps_boost_1_72_0::_bi::value<snps_boost_1_72_0::shared_ptr<snps_boost_1_72_0::asio::io_context> > > > >::run() ()
#5  0x000000000904107c in thread_proxy ()
#6  0x00000000097c12b6 in sdp_wrap_start_routine ()
#7  0x00002aaaaacd6ea5 in start_thread () from /lib64/libpthread.so.0
#8  0x00002aaabbe43b0d in clone () from /lib64/libc.so.6
Thread 2 (Thread 0x2aaada218700 (LWP 11313)):
#0  0x00002aaaaacdde9d in nanosleep () from /lib64/libpthread.so.0
#1  0x00000000097af665 in SML::SMLBaseLibrary::ProfilerThreadFunction(void*) ()
#2  0x00000000097c12b6 in sdp_wrap_start_routine ()
#3  0x00002aaaaacd6ea5 in start_thread () from /lib64/libpthread.so.0
#4  0x00002aaabbe43b0d in clone () from /lib64/libc.so.6
Thread 1 (Thread 0x2aaaaaaf7000 (LWP 11227)):
#0  0x00002aaabbe0a659 in waitpid () from /lib64/libc.so.6
#1  0x00002aaabbd87f62 in do_system () from /lib64/libc.so.6
#2  0x00002aaabbd88311 in system () from /lib64/libc.so.6
#3  0x00000000043bae05 in Monet::printStackTrace(std::string*, bool, int) ()
#4  0x00000000043bb9b8 in Monet::StackTracker::vcCrashHandler(int, siginfo*, void*) ()
#5  <signal handler called>
#6  0x00002aaabbe0a9fd in nanosleep () from /lib64/libc.so.6
#7  0x00002aaabbe0a894 in sleep () from /lib64/libc.so.6
#8  0x00000000042dd47e in Monet::ClientMgr::exit(int, std::string const&) ()
#9  0x00000000042dd5db in Monet::ClientMgr::requestWaitingExit(int, std::string) ()
#10 0x00000000043b4710 in Monet::ShellClientHandler::parseSpecialCmd(std::string const&) ()
#11 0x00000000043b1b0d in Monet::ShellClientHandler::readHandler(snps_boost_1_72_0::system::error_code const&, std::string const&) ()
#12 0x00000000043ae629 in Monet::ClientBase::readHandler(snps_boost_1_72_0::system::error_code const&) ()
#13 0x00000000043b7d71 in snps_boost_1_72_0::asio::detail::read_until_delim_string_op_v1<snps_boost_1_72_0::asio::basic_stream_socket<snps_boost_1_72_0::asio::ip::tcp, snps_boost_1_72_0::asio::executor>, snps_boost_1_72_0::asio::basic_streambuf_ref<std::allocator<char> >, snps_boost_1_72_0::_bi::bind_t<void, snps_boost_1_72_0::_mfi::mf1<void, Monet::ClientBase, snps_boost_1_72_0::system::error_code const&>, snps_boost_1_72_0::_bi::list2<snps_boost_1_72_0::_bi::value<Monet::SocketClient*>, snps_boost_1_72_0::arg<1> (*)()> > >::operator()(snps_boost_1_72_0::system::error_code const&, unsigned long, int) ()
#14 0x00000000043b96ad in snps_boost_1_72_0::asio::detail::reactive_socket_recv_op<snps_boost_1_72_0::asio::mutable_buffers_1, snps_boost_1_72_0::asio::detail::read_until_delim_string_op_v1<snps_boost_1_72_0::asio::basic_stream_socket<snps_boost_1_72_0::asio::ip::tcp, snps_boost_1_72_0::asio::executor>, snps_boost_1_72_0::asio::basic_streambuf_ref<std::allocator<char> >, snps_boost_1_72_0::_bi::bind_t<void, snps_boost_1_72_0::_mfi::mf1<void, Monet::ClientBase, snps_boost_1_72_0::system::error_code const&>, snps_boost_1_72_0::_bi::list2<snps_boost_1_72_0::_bi::value<Monet::SocketClient*>, snps_boost_1_72_0::arg<1> (*)()> > >, snps_boost_1_72_0::asio::detail::io_object_executor<snps_boost_1_72_0::asio::executor> >::do_complete(void*, snps_boost_1_72_0::asio::detail::scheduler_operation*, snps_boost_1_72_0::system::error_code const&, unsigned long) ()
#15 0x00000000042f1a87 in snps_boost_1_72_0::asio::detail::epoll_reactor::descriptor_state::do_complete(void*, snps_boost_1_72_0::asio::detail::scheduler_operation*, snps_boost_1_72_0::system::error_code const&, unsigned long) ()
#16 0x00000000042f170b in snps_boost_1_72_0::asio::detail::scheduler::run(snps_boost_1_72_0::system::error_code&) ()
#17 0x00000000042d817e in Monet::ClientMgr::ioServiceRun() ()
#18 0x00000000042e1f84 in Monet::ClientMgr::pExec() ()
#19 0x00000000042b0bdf in main ()
