15:15:42 : Disable event(s) list: aaMonetBanffGetPropSummaryResults aaMonetEvReportDbUpdated aaMonetBanffGetPropSummary aaMonetEvReportCompressFinished aaMonetBanffGetPropResults aaMonetCmdHelp aaMonetEvReportDbUpdating aaMonetEvFormalCoreInvalidated aaMonetEvReportWaiverStarted aaMonetEvReportCompressStarted aaMonetEvErrorMsg aaMonetEvReportWaiverFinished
15:15:44 : Monet(R):UNodeAction -name aaMonetEvSourceCmdActive -data 1 -trigger

15:15:44 : Monet(S):aaAppGuiActive
15:15:44 : Monet(S):aaMonetGetCmdHelp
15:15:44 : Monet(R):UNodeAction -name aaMonetEvSourceCmdActive -data 0 -trigger

15:15:44 : Monet(R):UNodeAction -name aaMonetEvSourceCmdActive -data 1 -trigger

15:15:44 : Monet(R):UNodeAction -name aaMonetEvSourceCmdActive -data 0 -trigger

15:15:44 : Monet(R):UNodeAction -name aaMonetEvSourceCmdActive -data 1 -trigger

15:15:44 : Monet(R):UNodeAction -name aaMonetEvSourceCmdActive -data 0 -trigger

15:15:44 : Monet(R):UNodeAction -name aaMonetEvSourceCmdActive -data 1 -trigger

15:15:44 : Monet(R):UNodeAction -name aaMonetEvSourceCmdActive -data 0 -trigger

15:15:44 : Monet(R):UNodeAction -name aaMonetEvSourceCmdActive -data 1 -trigger

15:15:44 : Monet(R):UNodeAction -name aaMonetEvSourceCmdActive -data 0 -trigger

15:15:44 : Monet(R):UNodeAction -name aaMonetEvSourceCmdActive -data 1 -trigger

15:15:44 : Monet(R):UNodeAction -name aaMonetEvSourceCmdActive -data 0 -trigger

15:15:44 : Monet(R):UNodeAction -name aaMonetEvSourceCmdActive -data 1 -trigger

15:15:44 : Monet(R):UNodeAction -name aaMonetEvSourceCmdActive -data 0 -trigger

15:15:44 : Monet(R):UNodeAction -name aaMonetEvSourceCmdActive -data 1 -trigger

15:15:44 : Monet(R):UNodeAction -name aaMonetEvSourceCmdActive -data 0 -trigger

15:15:44 : Monet(R):UNodeAction -name aaMonetEvSourceCmdActive -data 1 -trigger

15:15:44 : Monet(R):UNodeAction -name aaMonetEvSourceCmdActive -data 0 -trigger

15:15:44 : Monet(R):UNodeAction -name aaMonetEvSourceCmdActive -data 1 -trigger

15:15:44 : Monet(R):UNodeAction -name aaMonetEvSourceCmdActive -data 0 -trigger

15:15:44 : Monet(R):UNodeAction -name aaMonetEvSourceCmdActive -data 1 -trigger

15:15:44 : Monet(R):UNodeAction -name aaMonetEvSourceCmdActive -data 0 -trigger

15:15:44 : Monet(R):UNodeAction -name aaMonetEvSourceCmdActive -data 1 -trigger

15:15:44 : Monet(R):UNodeAction -name aaMonetEvSourceCmdActive -data 0 -trigger

15:15:44 : Monet(R):UNodeAction -name aaMonetEvSourceCmdActive -data 1 -trigger

15:15:44 : Monet(R):UNodeAction -name aaMonetEvSourceCmdActive -data 0 -trigger

15:15:44 : Monet(R):UNodeAction -name aaMonetEvSourceCmdActive -data 1 -trigger

15:15:44 : Monet(R):UNodeAction -name aaMonetEvSourceCmdActive -data 0 -trigger

15:15:44 : Monet(R):UNodeAction -name aaMonetEvSourceCmdActive -data 1 -trigger

15:15:44 : Monet(R):UNodeAction -name aaMonetEvSourceCmdActive -data 0 -trigger

15:15:44 : Monet(R):UNodeAction -name aaMonetEvSourceCmdActive -data 1 -trigger

15:15:44 : Monet(R):UNodeAction -name aaMonetEvSourceCmdActive -data 0 -trigger

15:15:44 : Monet(R):UNodeAction -name aaMonetSetHierarchySeparator -data . -trigger

15:15:44 : Monet(R):UNodeAction -name aaMonetEvGvarState -data {hierarchy_delimiter=.}

15:15:44 : Monet(R):UNodeAction -name aaMonetEvGvarState -data {share_libcells=false}

15:15:44 : Monet(R):UNodeAction -name aaMonetEvGvarState -data {keep_source_loc_expr=true}

15:15:44 : Monet(R):UNodeAction -name aaMonetEvGvarState -data {enable_verdi_kdb_common_elab=true}

15:15:44 : Monet(R):UNodeAction -name aaMonetEvGvarState -data {prepend_default_timescale=true}

15:15:44 : Monet(R):UNodeAction -name aaMonetEvGvarState -data {fml_mode_on=true}

15:15:44 : Monet(R):UNodeAction -name aaMonetEvGvarState -data {async_command_max_parallel_count=8}

15:15:44 : Monet(R):UNodeAction -name aaMonetEvGvarState -data {auto_correct_waiver_name=false}

15:15:44 : Monet(R):UNodeAction -name aaMonetEvGvarState -data {cdc_vector_merged_bits_simplify_level=3}

15:15:44 : Monet(R):UNodeAction -name aaMonetEvGvarState -data {default_waiver_file=}

15:15:44 : Monet(R):UNodeAction -name aaMonetEvGvarState -data {default_waiver_violation_state=Waived}

15:15:44 : Monet(R):UNodeAction -name aaMonetEvGvarState -data {disable_abstract_nschema_linking=false}

15:15:44 : Monet(R):UNodeAction -name aaMonetEvGvarState -data {disable_waiver_command_prints=false}

15:15:44 : Monet(R):UNodeAction -name aaMonetEvGvarState -data {dpv_regression_mode=false}

15:15:44 : Monet(R):UNodeAction -name aaMonetEvGvarState -data {dump_signature_in_violation=false}

15:15:44 : Monet(R):UNodeAction -name aaMonetEvGvarState -data {enable_all_fields_to_create_filter=true}

15:15:44 : Monet(R):UNodeAction -name aaMonetEvGvarState -data {enable_cdc=false}

15:15:44 : Monet(R):UNodeAction -name aaMonetEvGvarState -data {enable_compressed_group=true}

15:15:44 : Monet(R):UNodeAction -name aaMonetEvGvarState -data {enable_copy_novas_libs=false}

15:15:44 : Monet(R):UNodeAction -name aaMonetEvGvarState -data {enable_dc_naming_style=false}

15:15:44 : Monet(R):UNodeAction -name aaMonetEvGvarState -data {enable_incremental_db_updates=false}

15:15:44 : Monet(R):UNodeAction -name aaMonetEvGvarState -data {enable_lint=false}

15:15:44 : Monet(R):UNodeAction -name aaMonetEvGvarState -data {enable_nextgen_cdc=false}

15:15:44 : Monet(R):UNodeAction -name aaMonetEvGvarState -data {enable_nldm_nschema=true}

15:15:44 : Monet(R):UNodeAction -name aaMonetEvGvarState -data {enable_nldm_nschema_on_demand=false}

15:15:44 : Monet(R):UNodeAction -name aaMonetEvGvarState -data {enable_nldm_nschema_thread=true}

15:15:44 : Monet(R):UNodeAction -name aaMonetEvGvarState -data {enable_nschema_container=true}

15:15:44 : Monet(R):UNodeAction -name aaMonetEvGvarState -data {enable_rdc_waveform_reset_order_graph=true}

15:15:44 : Monet(R):UNodeAction -name aaMonetEvGvarState -data {enable_sam_rtl_annotation=false}

15:15:44 : Monet(R):UNodeAction -name aaMonetEvGvarState -data {enable_signature_to_create_waiver=true}

15:15:44 : Monet(R):UNodeAction -name aaMonetEvGvarState -data {enable_verdi_background=true}

15:15:44 : Monet(R):UNodeAction -name aaMonetEvGvarState -data {enable_verdi_debug=true}

15:15:44 : Monet(R):UNodeAction -name aaMonetEvGvarState -data {enable_verdi_kdb_smart_elab=true}

15:15:44 : Monet(R):UNodeAction -name aaMonetEvGvarState -data {enable_verdi_symbolic_schematic=false}

15:15:44 : Monet(R):UNodeAction -name aaMonetEvGvarState -data {enable_vhdl_original_names=false}

15:15:44 : Monet(R):UNodeAction -name aaMonetEvGvarState -data {field_delimiter=.}

15:15:44 : Monet(R):UNodeAction -name aaMonetEvGvarState -data {fml_cc_coverage_analyzer=false}

15:15:44 : Monet(R):UNodeAction -name aaMonetEvGvarState -data {fml_composite_trace=true}

15:15:44 : Monet(R):UNodeAction -name aaMonetEvGvarState -data {fml_cov_fast_mode=false}

15:15:44 : Monet(R):UNodeAction -name aaMonetEvGvarState -data {fml_cov_gen_trace=default}

15:15:44 : Monet(R):UNodeAction -name aaMonetEvGvarState -data {fml_cov_llk_trace_enable=unlimited}

15:15:44 : Monet(R):UNodeAction -name aaMonetEvGvarState -data {fml_mode_on=true}

15:15:44 : Monet(R):UNodeAction -name aaMonetEvGvarState -data {fml_vacuity_on=true}

15:15:44 : Monet(R):UNodeAction -name aaMonetEvGvarState -data {fml_vdac_disable=false}

15:15:44 : Monet(R):UNodeAction -name aaMonetEvGvarState -data {fml_witness_on=false}

15:15:44 : Monet(R):UNodeAction -name aaMonetEvGvarState -data {gui_load_filter_group_mode=true}

15:15:44 : Monet(R):UNodeAction -name aaMonetEvGvarState -data {hide_waive_this_item_link=false}

15:15:44 : Monet(R):UNodeAction -name aaMonetEvGvarState -data {hierarchy_delimiter=.}

15:15:44 : Monet(R):UNodeAction -name aaMonetEvGvarState -data {include_filter_field_comments=false}

15:15:44 : Monet(R):UNodeAction -name aaMonetEvGvarState -data {info_disp_elems=0}

15:15:44 : Monet(R):UNodeAction -name aaMonetEvGvarState -data {keep_source_loc_expr=true}

15:15:44 : Monet(R):UNodeAction -name aaMonetEvGvarState -data {lint_functional_mode=false}

15:15:44 : Monet(R):UNodeAction -name aaMonetEvGvarState -data {lint_load_goal_results=false}

15:15:44 : Monet(R):UNodeAction -name aaMonetEvGvarState -data {lint_spyglass_mode=false}

15:15:44 : Monet(R):UNodeAction -name aaMonetEvGvarState -data {lint_testbench_mode=false}

15:15:44 : Monet(R):UNodeAction -name aaMonetEvGvarState -data {msg_color_error=red}

15:15:44 : Monet(R):UNodeAction -name aaMonetEvGvarState -data {msg_color_info=none}

15:15:44 : Monet(R):UNodeAction -name aaMonetEvGvarState -data {msg_color_warn=none}

15:15:44 : Monet(R):UNodeAction -name aaMonetEvGvarState -data {scroll_table_speed=1}

15:15:44 : Monet(R):UNodeAction -name aaMonetEvGvarState -data {select_create_waiver_fields=signature}

15:15:44 : Monet(R):UNodeAction -name aaMonetEvGvarState -data {show_disabled_prop=true}

15:15:44 : Monet(R):UNodeAction -name aaMonetEvGvarState -data {show_msg_in_create_waiver=true}

15:15:44 : Monet(R):UNodeAction -name aaMonetEvGvarState -data {show_only_waived_and_waived_temp=false}

15:15:44 : Monet(R):UNodeAction -name aaMonetEvGvarState -data {struct_delimiter=.}

15:15:44 : Monet(R):UNodeAction -name aaMonetEvGvarState -data {track_msg_color_changes=true}

15:15:44 : Monet(R):UNodeAction -name aaMonetEvGvarState -data {verdi_postelab_to_check=false}

15:15:44 : Monet(R):UNodeAction -name aaMonetEvGvarState -data {verdi_table_font=11}

15:15:44 : Monet(R):UNodeAction -name aaMonetEvGvarState -data {verdi_vc_console_hotkey=null}

15:15:44 : Monet(R):UNodeAction -name aaMonetEvGvarState -data {waiver_disallow_append=false}

15:15:44 : Monet(R):UNodeAction -name aaMonetEvGvarState -data {waiver_require_comment=false}

15:15:45 : Monet(R):UNodeAction -name aaMonetEvSourceCmdActive -data 1 -trigger

15:15:45 : Monet(R):UNodeAction -name aaMonetEvDesignLoading  -trigger

15:15:45 : Monet(R):UNodeAction -name aaVerdiKdbAlias -data {true} -trigger

15:15:45 : Monet(R):UNodeAction -name aaMonetEvGvarState -data {fml_trace_auto_fsm_state_extraction=true}

15:15:45 : Monet(R):UNodeAction -name aaVerdiSetSimBinPath -data {simv} -trigger

15:15:45 : Monet(R):UNodeAction -name aaVerdiEnableKdb -data {true} -trigger

15:15:45 : Monet(R):UNodeAction -name aaVerdiEvDesignTop -data {traffic} -trigger

15:15:45 : Monet(R):UNodeAction -name aaVerdiSetWorkLib -data {work} -trigger

15:15:45 : Monet(R):UNodeAction -name aaVerdiCompileLog -data {} -trigger

15:15:46 : Monet(R):UNodeAction -name aaMonetSetHierarchySeparator -data . -trigger

15:15:46 : Monet(S):aaMonetBanffSavePropDBToStream -summary {1} -task {0}
15:15:46 : Monet(R):UNodeAction -name aaVerdiRefreshPropertyTable -force {0} -trigger

15:15:46 : Monet(S):aaMonetDbg -apps {VCFV} -plain {1943591458}
15:15:46 : Monet(S):aaMonetFvGetTaskAttrs
15:15:46 : Monet(R):UNodeAction -name aaVerdiKdbAlias -data {true} -trigger

15:15:46 : Monet(S):aaMonetSetVerdiDesignImportDone -data {1}
15:15:46 : Monet(R):UNodeAction -name aaVerdiEvCompile -finished {} -trigger

15:15:46 : Monet(R):UNodeAction -name aaMonetEvReportDbSelectiveUpdate -data { CompressionTypeMap,ReportTypes,Repositories,SETUP,TagParameterValue,Vars } -trigger

15:15:46 : Monet(R):UNodeAction -name aaMonetEvDesignLoaded -data 1 -trigger

15:15:46 : Monet(R):UNodeAction -name aaVerdiRefreshPropertyTable -force {0} -trigger

15:15:46 : Monet(R):UNodeAction -name aaVerdiConstantAnnotation  -trigger

15:15:46 : Monet(R):UNodeAction -name aaVerdiCmdTransport -reset -cmd verdiGetVcstCmdResult -args {<Command name="sim_run" status="1" />} -trigger

15:15:46 : Monet(R):UNodeAction -name aaVerdiCmdTransport -reset -cmd verdiGetVcstCmdResult -args {<Command name="sim_save_reset" status="1" />} -trigger

15:15:46 : Monet(R):UNodeAction -name aaMonetEvSourceCmdActive -data 0 -trigger

15:15:46 : Monet(R):UNodeAction -name aaVerdiEvMasterSourceDone  -trigger

15:15:46 : Monet(S):aaHierViewSrcDone -data {1}
15:15:46 : Monet(S):aaMonetBanffSavePropDBToStream -summary {1}
15:15:46 : Monet(S):aaMonetMasterUnblock -result {1}
15:15:46 : Monet(R):UNodeAction -name aaAppInvokeAction -cmd {aaMonetBanffSavePropDBToStream -reset -summary 1 -trigger } -trigger

15:15:46 : Monet(R):UNodeAction -name aaMonetFvPassTaskAttrs -time {12H} -depth {-1} -effort {default} -effortConstraint {default low high bounded bug_hunting discovery} -trigger

15:15:46 : Monet(R):UNodeAction -name aaVerdiEvSeqIncrSetup -xml {/home/shtp/ITP2025/Labs/FPV/FPV/run/vcst_rtdb/.internal/formal/incrVerdiSeqMapping.xml} -trigger

15:15:47 : Monet(S):aaMonetMasterUnblock -result {1}
15:15:47 : Monet(R):UNodeAction -name aaVerdiSendSviCmd -reset -data {schSetPreference -displayAbstractSrc off } -trigger

15:15:47 : Monet(S):aaVerdiSendSviCmdDone -result {1} -success {1}
15:15:47 : Monet(S):aaMSduChannelConnected
15:15:47 : Monet(S):aaMonetMasterUnblock -result {1}
15:15:47 : Monet(R):UNodeAction -name aaVerdiBlackboxReport -reset -data {  -delim {.}} -trigger

15:15:47 : Monet(S):aaMonetMasterUnblock -result {1}
15:15:47 : Monet(R):UNodeAction -name aaVerdiGlassboxReport -reset -data { -delim {.}} -trigger

15:15:47 : Monet(S):aaMonetMasterUnblock -result {1}
15:15:47 : Monet(R):UNodeAction -name aaVerdiSnipPointReport -reset -data {/home/shtp/ITP2025/Labs/FPV/FPV/run/vcst_rtdb/.internal/verdi/snip_signals.list} -trigger

15:15:47 : Monet(S):aaMonetMasterUnblock -result {1}
15:15:47 : Monet(S):aaMonetMasterUnblock -result {1}
15:15:47 : Monet(R):UNodeAction -name aaAppInvokeAction -cmd {aaVerdiWaitAnnotation -trigger } -trigger

15:15:47 : Monet(S):aaMonetMasterUnblock -result {1}
15:15:47 : Monet(S):aaMonetMasterUnblock -result {1}
15:15:47 : Monet(R):UNodeAction -name aaAppInvokeAction -cmd {aaMonetSetReuseWave -data } -trigger

15:15:47 : Monet(S):aaMonetMasterUnblock -result {1}
15:15:47 : Monet(S):aaMonetBanffSavePropDBToStream -summary {1}
15:15:47 : Monet(S):aaMonetMasterUnblock -result {1}
15:15:47 : Monet(R):UNodeAction -name aaAppInvokeAction -cmd {aaMonetBanffSavePropDBToStream -reset -summary 1 -trigger } -trigger

15:15:47 : Monet(S):aaMonetBanffSavePropDBToStream -summary {1} -task {0}
15:15:47 : Monet(S):aaMonetMasterUnblock -result {1}
15:15:47 : Monet(R):UNodeAction -name aaVerdiSendSviCmd -reset -data {verdiVcstConstantReport -xmlFile /home/shtp/ITP2025/Labs/FPV/FPV/run/vcst_rtdb/.internal/verdi/constant.xml } -trigger

15:15:47 : Monet(S):aaVerdiSendSviCmdDone -result {1} -success {1}
15:15:47 : Monet(S):aaMonetMasterUnblock -result {1}
15:15:49 : Monet(R):UNodeAction -name aaVerdiSendCmd -data {verdiComplexityConstructApp -xmlFile /home/shtp/ITP2025/Labs/FPV/FPV/run/vcst_rtdb/.internal/verdi/complexity.xml} -trigger

15:15:49 : Monet(S):aaMonetMasterUnblock -result {1}
15:15:49 : Monet(R):UNodeAction -name aaVerdiSendSviCmd -reset -data {verdiVcstConstantGet -xmlFile /home/shtp/ITP2025/Labs/FPV/FPV/run/vcst_rtdb/.internal/verdi/constant.xml -updateComplexity } -trigger

15:15:49 : Monet(S):aaVerdiSendSviCmdDone -result {1} -success {1}
15:15:49 : Monet(S):aaMonetMasterUnblock -result {1}
15:15:52 : Monet(R):UNodeAction -name aaMonetEvCheckFvStarted -data FPV,FPV -trigger

15:15:53 : Monet(R):UNodeAction -name aaVerdiCmdTransport -reset -cmd verdiGetVcstCmdResult -args {<Command name="check_fv" status="0" />} -trigger

15:15:53 : Monet(R):UNodeAction -name aaMonetEvCheckFvFinished -data 0 -tname FPV,FPV -trigger

15:15:53 : Monet(S):aaMonetMasterUnblock -result {1}
15:15:53 : Monet(R):UNodeAction -name aaMonetEvReportDbSelectiveUpdate -data { CompressionTypeMap,Objects,ReportColumns,ReportTypes,Repositories,SETUP,TagParameterValue,TwEngSummary,TwEngines,TwGlobalVars,TwLocalVars,TwTasks,Vars } -trigger

15:15:53 : Monet(S):aaMonetMasterUnblock -result {1}
15:15:53 : Monet(R):UNodeAction -name aaAppInvokeAction -cmd {aaVerdiProgressFileReady -data /home/shtp/ITP2025/Labs/FPV/FPV/run/vcst_rtdb/.internal/verdi/gridUsage.xml0 -trigger } -trigger

15:15:53 : Monet(S):aaMonetMasterUnblock -result {1}
